LogicN root test runner — all suites: 48 package(s)

▶ logicn-ai … ✅ 4 tests (0.1s)
▶ logicn-ai-lowbit … ✅ 3 tests (0.2s)
▶ logicn-ai-neural … ✅ 4 tests (0.2s)
▶ logicn-api-protocol-rest … ✅ 4 tests (1.5s)
▶ logicn-core … ✅ 9 tests (0.2s)
▶ logicn-core-cli … ✅ 6 tests (0.9s)
▶ logicn-core-compiler … ✅ 3361 tests (16.4s)
▶ logicn-core-compute … ✅ 5 tests (0.2s)
▶ logicn-core-config … ✅ 25 tests (0.2s)
▶ logicn-core-economics … ✅ 15 tests (0.6s)
▶ logicn-core-logic … ✅ 51 tests (0.2s)
▶ logicn-core-network … ✅ 12 tests (0.2s)
▶ logicn-core-photonic … ✅ 4 tests (0.2s)
▶ logicn-core-reports … ✅ 15 tests (0.2s)
▶ logicn-core-runtime … ✅ 12 tests (0.2s)
▶ logicn-core-security … ✅ 14 tests (0.2s)
▶ logicn-core-sentinel-egress … ✅ 20 tests (0.2s)
▶ logicn-core-sentinel-io … ✅ 23 tests (0.2s)
▶ logicn-core-sentinel-memory … ✅ 30 tests (0.2s)
▶ logicn-core-sentinel-power … ✅ 17 tests (0.2s)
▶ logicn-core-sentinel-state … ✅ 14 tests (0.2s)
▶ logicn-core-sentinel-time … ✅ 13 tests (0.2s)
▶ logicn-core-tasks … ✅ 7 tests (0.2s)
▶ logicn-core-vector … ✅ 5 tests (0.2s)
▶ logicn-cpu-kernels … ✅ 3 tests (0.1s)
▶ logicn-devtools-context … ✅ 35 tests (0.8s)
▶ logicn-devtools-flowgraph … ✅ 36 tests (0.6s)
▶ logicn-devtools-graph-algorithms … ✅ 95 tests (0.7s)
▶ logicn-devtools-intelligence … ✅ 16 tests (1.0s)
▶ logicn-devtools-kb-graph … ✅ 20 tests (0.8s)
▶ logicn-devtools-naming … ✅ 15 tests (1.2s)
▶ logicn-devtools-package-graph … ✅ 7 tests (0.7s)
▶ logicn-devtools-pci … ✅ 24 tests (1.1s)
▶ logicn-devtools-project-graph … ✅ 90 tests (0.7s)
▶ logicn-devtools-provenance … ✅ 20 tests (0.9s)
▶ logicn-devtools-security … ✅ 34 tests (0.8s)
▶ logicn-ext-bridge-bitnet … ✅ 7 tests (0.2s)
▶ logicn-ext-bridge-cpp … ✅ 13 tests (1.6s)
▶ logicn-ext-bridge-quantum … ✅ 12 tests (0.3s)
▶ logicn-ext-proof-snarkjs … ✅ 10 tests (0.6s)
▶ logicn-ext-secrets-vault … ✅ 12 tests (0.7s)
▶ logicn-framework-app-kernel … ✅ 38 tests (0.2s)
▶ logicn-inference-bridge-contract … ✅ 6 tests (0.2s)
▶ logicn-substrate-math … ✅ 6 tests (0.1s)
▶ logicn-target-ai-accelerator … ✅ 5 tests (0.2s)
▶ logicn-target-cpu … ✅ 3 tests (0.1s)
▶ logicn-tower-citizen … ✅ 173 tests (62.0s)
▶ logicn-devtools-graph-project … ✅ 7 tests (0.2s)

── Summary ──────────────────────────────
package                               tests   status
logicn-ai                             4       ✅ pass
logicn-ai-lowbit                      3       ✅ pass
logicn-ai-neural                      4       ✅ pass
logicn-api-protocol-rest              4       ✅ pass
logicn-core                           9       ✅ pass
logicn-core-cli                       6       ✅ pass
logicn-core-compiler                  3361    ✅ pass
logicn-core-compute                   5       ✅ pass
logicn-core-config                    25      ✅ pass
logicn-core-economics                 15      ✅ pass
logicn-core-logic                     51      ✅ pass
logicn-core-network                   12      ✅ pass
logicn-core-photonic                  4       ✅ pass
logicn-core-reports                   15      ✅ pass
logicn-core-runtime                   12      ✅ pass
logicn-core-security                  14      ✅ pass
logicn-core-sentinel-egress           20      ✅ pass
logicn-core-sentinel-io               23      ✅ pass
logicn-core-sentinel-memory           30      ✅ pass
logicn-core-sentinel-power            17      ✅ pass
logicn-core-sentinel-state            14      ✅ pass
logicn-core-sentinel-time             13      ✅ pass
logicn-core-tasks                     7       ✅ pass
logicn-core-vector                    5       ✅ pass
logicn-cpu-kernels                    3       ✅ pass
logicn-devtools-context               35      ✅ pass
logicn-devtools-flowgraph             36      ✅ pass
logicn-devtools-graph-algorithms      95      ✅ pass
logicn-devtools-intelligence          16      ✅ pass
logicn-devtools-kb-graph              20      ✅ pass
logicn-devtools-naming                15      ✅ pass
logicn-devtools-package-graph         7       ✅ pass
logicn-devtools-pci                   24      ✅ pass
logicn-devtools-project-graph         90      ✅ pass
logicn-devtools-provenance            20      ✅ pass
logicn-devtools-security              34      ✅ pass
logicn-ext-bridge-bitnet              7       ✅ pass
logicn-ext-bridge-cpp                 13      ✅ pass
logicn-ext-bridge-quantum             12      ✅ pass
logicn-ext-proof-snarkjs              10      ✅ pass
logicn-ext-secrets-vault              12      ✅ pass
logicn-framework-app-kernel           38      ✅ pass
logicn-inference-bridge-contract      6       ✅ pass
logicn-substrate-math                 6       ✅ pass
logicn-target-ai-accelerator          5       ✅ pass
logicn-target-cpu                     3       ✅ pass
logicn-tower-citizen                  173     ✅ pass
logicn-devtools-graph-project         7       ✅ pass
─────────────────────────────────────────
48/48 packages passed · 4360 tests total
EXIT=0
